#
# There is insufficient memory for the Java Runtime Environment to continue.
# Native memory allocation (malloc) failed to allocate 2018576 bytes for Chunk::new
# Possible reasons:
#   The system is out of physical RAM or swap space
#   In 32 bit mode, the process size limit was hit
# Possible solutions:
#   Reduce memory load on the system
#   Increase physical memory or swap space
#   Check if swap backing store is full
#   Use 64 bit Java on a 64 bit OS
#   Decrease Java heap size (-Xmx/-Xms)
#   Decrease number of Java threads
#   Decrease Java thread stack sizes (-Xss)
#   Set larger code cache with -XX:ReservedCodeCacheSize=
# This output file may be truncated or incomplete.
#
#  Out of Memory Error (allocation.cpp:390), pid=3412, tid=0x0000000000002c24
#
# JRE version: OpenJDK Runtime Environment (8.0_152-b01) (build 1.8.0_152-release-915-b01)
# Java VM: OpenJDK 64-Bit Server VM (25.152-b01 mixed mode windows-amd64 compressed oops)
# Failed to write core dump. Minidumps are not enabled by default on client versions of Windows
#

---------------  T H R E A D  ---------------

Current thread (0x000000001a263000):  JavaThread "C2 CompilerThread2" daemon [_thread_in_native, id=11300, stack(0x000000001ac20000,0x000000001ad20000)]

Stack: [0x000000001ac20000,0x000000001ad20000]
[error occurred during error reporting (printing stack bounds), id 0xc0000005]

Native frames: (J=compiled Java code, j=interpreted, Vv=VM code, C=native code)


Current CompileTask:
C2:3589309 16061       4       org.objectweb.asm.ClassReader::readCode (3343 bytes)


---------------  P R O C E S S  ---------------

Java Threads: ( => current thread )
  0x000000001bb51800 JavaThread "Cache worker for Java compile cache (D:\BMTT\topic1\.gradle\4.1\javaCompile)" [_thread_in_native, id=17284, stack(0x0000000036f10000,0x0000000037010000)]
  0x000000001f33d000 JavaThread "Task worker for ':' Thread 7" [_thread_blocked, id=10444, stack(0x0000000033c10000,0x0000000033d10000)]
  0x000000001f341000 JavaThread "Task worker for ':' Thread 6" [_thread_blocked, id=11968, stack(0x0000000033b10000,0x0000000033c10000)]
  0x000000001f33b000 JavaThread "Task worker for ':' Thread 5" [_thread_blocked, id=16908, stack(0x0000000033a10000,0x0000000033b10000)]
  0x000000001f340000 JavaThread "Task worker for ':' Thread 4" [_thread_blocked, id=268, stack(0x0000000033910000,0x0000000033a10000)]
  0x000000001f33b800 JavaThread "Task worker for ':' Thread 3" [_thread_blocked, id=7500, stack(0x0000000033810000,0x0000000033910000)]
  0x000000001f336800 JavaThread "Task worker for ':' Thread 2" [_thread_blocked, id=13240, stack(0x0000000033710000,0x0000000033810000)]
  0x000000001f33a000 JavaThread "Task worker for ':'" [_thread_blocked, id=4252, stack(0x0000000033610000,0x0000000033710000)]
  0x000000001f339800 JavaThread "Cache worker for task history cache (D:\BMTT\topic1\.gradle\4.1\taskHistory)" [_thread_blocked, id=12252, stack(0x0000000033510000,0x0000000033610000)]
  0x000000001f338800 JavaThread "Cache worker for file content cache (D:\BMTT\topic1\.gradle\4.1\fileContent)" [_thread_blocked, id=9764, stack(0x0000000033410000,0x0000000033510000)]
  0x00000000219b4000 JavaThread "build operations Thread 8" [_thread_blocked, id=16964, stack(0x0000000033310000,0x0000000033410000)]
  0x00000000219b5800 JavaThread "build operations Thread 7" [_thread_blocked, id=7176, stack(0x0000000033210000,0x0000000033310000)]
  0x00000000219b2000 JavaThread "build operations Thread 6" [_thread_blocked, id=13456, stack(0x0000000033110000,0x0000000033210000)]
  0x00000000219af800 JavaThread "build operations Thread 5" [_thread_blocked, id=884, stack(0x0000000033010000,0x0000000033110000)]
  0x00000000219b0800 JavaThread "build operations Thread 4" [_thread_blocked, id=8892, stack(0x0000000032f10000,0x0000000033010000)]
  0x00000000219b1000 JavaThread "build operations Thread 3" [_thread_blocked, id=8328, stack(0x0000000032e10000,0x0000000032f10000)]
  0x00000000219b5000 JavaThread "build operations Thread 2" [_thread_blocked, id=11172, stack(0x0000000032d10000,0x0000000032e10000)]
  0x00000000219a8000 JavaThread "build operations" [_thread_blocked, id=11440, stack(0x0000000032c10000,0x0000000032d10000)]
  0x00000000219af000 JavaThread "Cache worker for Artifact transforms cache (C:\Users\SMT\.gradle\caches\transforms-1)" [_thread_blocked, id=15580, stack(0x0000000032b10000,0x0000000032c10000)]
  0x00000000219a7800 JavaThread "Cache worker for file hash cache (D:\BMTT\topic1\.gradle\4.1\fileHashes)" [_thread_blocked, id=3020, stack(0x0000000032a10000,0x0000000032b10000)]
  0x00000000219ad800 JavaThread "Stdin handler" [_thread_blocked, id=13376, stack(0x0000000032910000,0x0000000032a10000)]
  0x00000000219ac800 JavaThread "Asynchronous log dispatcher for DefaultDaemonConnection: socket connection from /127.0.0.1:59219 to /127.0.0.1:59485" [_thread_blocked, id=7512, stack(0x0000000032810000,0x0000000032910000)]
  0x00000000219ab000 JavaThread "Daemon worker Thread 3" [_thread_blocked, id=14824, stack(0x0000000032710000,0x0000000032810000)]
  0x00000000219ae000 JavaThread "Cancel handler" [_thread_blocked, id=2616, stack(0x0000000032610000,0x0000000032710000)]
  0x00000000219a9800 JavaThread "Handler for socket connection from /127.0.0.1:59219 to /127.0.0.1:59485" [_thread_in_native, id=5788, stack(0x0000000032510000,0x0000000032610000)]
  0x00000000219aa800 JavaThread "Daemon Thread 3" [_thread_blocked, id=14628, stack(0x0000000032410000,0x0000000032510000)]
  0x000000001f337000 JavaThread "Java2D Disposer" daemon [_thread_blocked, id=11412, stack(0x000000002be10000,0x000000002bf10000)]
  0x000000001c593000 JavaThread "Memory manager" [_thread_blocked, id=15292, stack(0x0000000025310000,0x0000000025410000)]
  0x000000001c14e000 JavaThread "File lock request listener" [_thread_in_native, id=11740, stack(0x000000001ece0000,0x000000001ede0000)]
  0x000000001c162000 JavaThread "Cache worker for file hash cache (C:\Users\SMT\.gradle\caches\4.1\fileHashes)" [_thread_blocked, id=6232, stack(0x000000001ebe0000,0x000000001ece0000)]
  0x000000001c054800 JavaThread "Daemon periodic checks" [_thread_blocked, id=7752, stack(0x000000001e1e0000,0x000000001e2e0000)]
  0x000000001c053800 JavaThread "Incoming local TCP Connector on port 59219" [_thread_in_native, id=8656, stack(0x000000001dd00000,0x000000001de00000)]
  0x000000001a28d800 JavaThread "Service Thread" daemon [_thread_blocked, id=2392, stack(0x000000001ae20000,0x000000001af20000)]
  0x000000001835e000 JavaThread "C1 CompilerThread3" daemon [_thread_blocked, id=16804, stack(0x000000001ad20000,0x000000001ae20000)]
=>0x000000001a263000 JavaThread "C2 CompilerThread2" daemon [_thread_in_native, id=11300, stack(0x000000001ac20000,0x000000001ad20000)]
  0x000000001a260800 JavaThread "C2 CompilerThread1" daemon [_thread_blocked, id=5180, stack(0x000000001ab20000,0x000000001ac20000)]
  0x000000001a25d800 JavaThread "C2 CompilerThread0" daemon [_thread_in_native, id=3444, stack(0x000000001aa20000,0x000000001ab20000)]
  0x000000001a25c800 JavaThread "Attach Listener" daemon [_thread_blocked, id=15328, stack(0x000000001a920000,0x000000001aa20000)]
  0x000000001a25b000 JavaThread "Signal Dispatcher" daemon [_thread_blocked, id=7228, stack(0x000000001a820000,0x000000001a920000)]
  0x000000001a250800 JavaThread "Finalizer" daemon [_thread_blocked, id=14484, stack(0x000000001a630000,0x000000001a730000)]
  0x000000001834a800 JavaThread "Reference Handler" daemon [_thread_blocked, id=10128, stack(0x000000001a130000,0x000000001a230000)]
  0x000000000448d800 JavaThread "main" [_thread_blocked, id=15180, stack(0x0000000004380000,0x0000000004480000)]

Other Threads:
  0x0000000018347000 VMThread [stack: 0x000000001a030000,0x000000001a130000] [id=14532]
  0x000000001a2f5800 WatcherThread [stack: 0x000000001af20000,0x000000001b020000] [id=12776]

VM state:not at safepoint (normal execution)

VM Mutex/Monitor currently owned by a thread: None

Heap:
 PSYoungGen      total 239616K, used 208492K [0x00000000e0000000, 0x00000000f3180000, 0x0000000100000000)
  eden space 204288K, 84% used [0x00000000e0000000,0x00000000ea960aa8,0x00000000ec780000)
  from space 35328K, 99% used [0x00000000f0f00000,0x00000000f313a668,0x00000000f3180000)
  to   space 47616K, 0% used [0x00000000ed480000,0x00000000ed480000,0x00000000f0300000)
 ParOldGen       total 163328K, used 52097K [0x00000000a0000000, 0x00000000a9f80000, 0x00000000e0000000)
  object space 163328K, 31% used [0x00000000a0000000,0x00000000a32e0480,0x00000000a9f80000)
 Metaspace       used 92607K, capacity 97510K, committed 97664K, reserved 1134592K
  class space    used 11882K, capacity 13072K, committed 13184K, reserved 1048576K

Card table byte_map: [0x0000000013950000,0x0000000013c60000] byte_map_base: 0x0000000013450000

Marking Bits: (ParMarkBitMap*) 0x0000000065dd3950
 Begin Bits: [0x0000000014660000, 0x0000000015e60000)
 End Bits:   [0x0000000015e60000, 0x0000000017660000)

Polling page: 0x0000000002630000

CodeCache: size=245760Kb used=45411Kb max_used=45411Kb free=200348Kb
 bounds [0x0000000004590000, 0x0000000007230000, 0x0000000013590000]
 total_blobs=14104 nmethods=13147 adapters=867
 compilation: enabled

Compilation events (10 events):
Event: 3589.061 Thread 0x000000001835e000 nmethod 16101 0x0000000007207290 code [0x0000000007207400, 0x0000000007207668]
Event: 3589.061 Thread 0x000000001835e000 16102       3       org.gradle.api.internal.tasks.compile.incremental.asm.ClassDependenciesVisitor::access$000 (4 bytes)
Event: 3589.061 Thread 0x000000001835e000 nmethod 16102 0x00000000072036d0 code [0x0000000007203820, 0x0000000007203950]
Event: 3589.061 Thread 0x000000001835e000 16103       3       org.objectweb.asm.commons.InstructionAdapter::<init> (7 bytes)
Event: 3589.061 Thread 0x000000001a260800 nmethod 16107 0x0000000007206f50 code [0x00000000072070a0, 0x0000000007207188]
Event: 3589.061 Thread 0x000000001835e000 nmethod 16103 0x0000000007208d10 code [0x0000000007208ea0, 0x0000000007209208]
Event: 3589.061 Thread 0x000000001835e000 16105       3       org.gradle.api.internal.tasks.compile.incremental.asm.ClassDependenciesVisitor::isAnnotationType (23 bytes)
Event: 3589.061 Thread 0x000000001835e000 nmethod 16105 0x00000000072087d0 code [0x0000000007208940, 0x0000000007208c08]
Event: 3589.061 Thread 0x000000001835e000 16106       3       org.gradle.api.internal.tasks.compile.incremental.asm.ClassDependenciesVisitor::<init> (100 bytes)
Event: 3589.062 Thread 0x000000001835e000 nmethod 16106 0x0000000007221d50 code [0x0000000007221f80, 0x0000000007222af8]

GC Heap History (10 events):
Event: 82.095 GC heap before
{Heap before GC invocations=19 (full 3):
 PSYoungGen      total 186880K, used 171202K [0x00000000e0000000, 0x00000000ef100000, 0x0000000100000000)
  eden space 159744K, 100% used [0x00000000e0000000,0x00000000e9c00000,0x00000000e9c00000)
  from space 27136K, 42% used [0x00000000e9c00000,0x00000000ea730a20,0x00000000eb680000)
  to   space 25600K, 0% used [0x00000000ed800000,0x00000000ed800000,0x00000000ef100000)
 ParOldGen       total 163328K, used 48046K [0x00000000a0000000, 0x00000000a9f80000, 0x00000000e0000000)
  object space 163328K, 29% used [0x00000000a0000000,0x00000000a2eebbd8,0x00000000a9f80000)
 Metaspace       used 72207K, capacity 75434K, committed 75520K, reserved 1114112K
  class space    used 9556K, capacity 10410K, committed 10496K, reserved 1048576K
Event: 82.115 GC heap after
Heap after GC invocations=19 (full 3):
 PSYoungGen      total 217600K, used 25202K [0x00000000e0000000, 0x00000000ef780000, 0x0000000100000000)
  eden space 192000K, 0% used [0x00000000e0000000,0x00000000e0000000,0x00000000ebb80000)
  from space 25600K, 98% used [0x00000000ed800000,0x00000000ef09c8d0,0x00000000ef100000)
  to   space 29184K, 0% used [0x00000000ebb80000,0x00000000ebb80000,0x00000000ed800000)
 ParOldGen       total 163328K, used 48054K [0x00000000a0000000, 0x00000000a9f80000, 0x00000000e0000000)
  object space 163328K, 29% used [0x00000000a0000000,0x00000000a2eedbd8,0x00000000a9f80000)
 Metaspace       used 72207K, capacity 75434K, committed 75520K, reserved 1114112K
  class space    used 9556K, capacity 10410K, committed 10496K, reserved 1048576K
}
Event: 89.129 GC heap before
{Heap before GC invocations=20 (full 3):
 PSYoungGen      total 217600K, used 217202K [0x00000000e0000000, 0x00000000ef780000, 0x0000000100000000)
  eden space 192000K, 100% used [0x00000000e0000000,0x00000000ebb80000,0x00000000ebb80000)
  from space 25600K, 98% used [0x00000000ed800000,0x00000000ef09c8d0,0x00000000ef100000)
  to   space 29184K, 0% used [0x00000000ebb80000,0x00000000ebb80000,0x00000000ed800000)
 ParOldGen       total 163328K, used 48054K [0x00000000a0000000, 0x00000000a9f80000, 0x00000000e0000000)
  object space 163328K, 29% used [0x00000000a0000000,0x00000000a2eedbd8,0x00000000a9f80000)
 Metaspace       used 79240K, capacity 83256K, committed 83328K, reserved 1122304K
  class space    used 10364K, capacity 11333K, committed 11392K, reserved 1048576K
Event: 89.171 GC heap after
Heap after GC invocations=20 (full 3):
 PSYoungGen      total 221184K, used 29175K [0x00000000e0000000, 0x00000000f1580000, 0x0000000100000000)
  eden space 192000K, 0% used [0x00000000e0000000,0x00000000e0000000,0x00000000ebb80000)
  from space 29184K, 99% used [0x00000000ebb80000,0x00000000ed7fdd30,0x00000000ed800000)
  to   space 33280K, 0% used [0x00000000ef500000,0x00000000ef500000,0x00000000f1580000)
 ParOldGen       total 163328K, used 48062K [0x00000000a0000000, 0x00000000a9f80000, 0x00000000e0000000)
  object space 163328K, 29% used [0x00000000a0000000,0x00000000a2eefbd8,0x00000000a9f80000)
 Metaspace       used 79240K, capacity 83256K, committed 83328K, reserved 1122304K
  class space    used 10364K, capacity 11333K, committed 11392K, reserved 1048576K
}
Event: 96.185 GC heap before
{Heap before GC invocations=21 (full 3):
 PSYoungGen      total 221184K, used 221175K [0x00000000e0000000, 0x00000000f1580000, 0x0000000100000000)
  eden space 192000K, 100% used [0x00000000e0000000,0x00000000ebb80000,0x00000000ebb80000)
  from space 29184K, 99% used [0x00000000ebb80000,0x00000000ed7fdd30,0x00000000ed800000)
  to   space 33280K, 0% used [0x00000000ef500000,0x00000000ef500000,0x00000000f1580000)
 ParOldGen       total 163328K, used 48062K [0x00000000a0000000, 0x00000000a9f80000, 0x00000000e0000000)
  object space 163328K, 29% used [0x00000000a0000000,0x00000000a2eefbd8,0x00000000a9f80000)
 Metaspace       used 84108K, capacity 88390K, committed 88576K, reserved 1126400K
  class space    used 10899K, capacity 11936K, committed 12032K, reserved 1048576K
Event: 96.219 GC heap after
Heap after GC invocations=21 (full 3):
 PSYoungGen      total 244224K, used 33263K [0x00000000e0000000, 0x00000000f1f80000, 0x0000000100000000)
  eden space 210944K, 0% used [0x00000000e0000000,0x00000000e0000000,0x00000000ece00000)
  from space 33280K, 99% used [0x00000000ef500000,0x00000000f157bf30,0x00000000f1580000)
  to   space 39936K, 0% used [0x00000000ece00000,0x00000000ece00000,0x00000000ef500000)
 ParOldGen       total 163328K, used 52081K [0x00000000a0000000, 0x00000000a9f80000, 0x00000000e0000000)
  object space 163328K, 31% used [0x00000000a0000000,0x00000000a32dc480,0x00000000a9f80000)
 Metaspace       used 84108K, capacity 88390K, committed 88576K, reserved 1126400K
  class space    used 10899K, capacity 11936K, committed 12032K, reserved 1048576K
}
Event: 106.485 GC heap before
{Heap before GC invocations=22 (full 3):
 PSYoungGen      total 244224K, used 244207K [0x00000000e0000000, 0x00000000f1f80000, 0x0000000100000000)
  eden space 210944K, 100% used [0x00000000e0000000,0x00000000ece00000,0x00000000ece00000)
  from space 33280K, 99% used [0x00000000ef500000,0x00000000f157bf30,0x00000000f1580000)
  to   space 39936K, 0% used [0x00000000ece00000,0x00000000ece00000,0x00000000ef500000)
 ParOldGen       total 163328K, used 52081K [0x00000000a0000000, 0x00000000a9f80000, 0x00000000e0000000)
  object space 163328K, 31% used [0x00000000a0000000,0x00000000a32dc480,0x00000000a9f80000)
 Metaspace       used 85670K, capacity 90036K, committed 90240K, reserved 1128448K
  class space    used 11100K, capacity 12139K, committed 12160K, reserved 1048576K
Event: 106.521 GC heap after
Heap after GC invocations=22 (full 3):
 PSYoungGen      total 250880K, used 34803K [0x00000000e0000000, 0x00000000f3a80000, 0x0000000100000000)
  eden space 210944K, 0% used [0x00000000e0000000,0x00000000e0000000,0x00000000ece00000)
  from space 39936K, 87% used [0x00000000ece00000,0x00000000eeffcc60,0x00000000ef500000)
  to   space 44544K, 0% used [0x00000000f0f00000,0x00000000f0f00000,0x00000000f3a80000)
 ParOldGen       total 163328K, used 52089K [0x00000000a0000000, 0x00000000a9f80000, 0x00000000e0000000)
  object space 163328K, 31% used [0x00000000a0000000,0x00000000a32de480,0x00000000a9f80000)
 Metaspace       used 85670K, capacity 90036K, committed 90240K, reserved 1128448K
  class space    used 11100K, capacity 12139K, committed 12160K, reserved 1048576K
}
Event: 3572.866 GC heap before
{Heap before GC invocations=23 (full 3):
 PSYoungGen      total 250880K, used 245747K [0x00000000e0000000, 0x00000000f3a80000, 0x0000000100000000)
  eden space 210944K, 100% used [0x00000000e0000000,0x00000000ece00000,0x00000000ece00000)
  from space 39936K, 87% used [0x00000000ece00000,0x00000000eeffcc60,0x00000000ef500000)
  to   space 44544K, 0% used [0x00000000f0f00000,0x00000000f0f00000,0x00000000f3a80000)
 ParOldGen       total 163328K, used 52089K [0x00000000a0000000, 0x00000000a9f80000, 0x00000000e0000000)
  object space 163328K, 31% used [0x00000000a0000000,0x00000000a32de480,0x00000000a9f80000)
 Metaspace       used 86603K, capacity 91288K, committed 91520K, reserved 1128448K
  class space    used 11199K, capacity 12361K, committed 12416K, reserved 1048576K
Event: 3572.965 GC heap after
Heap after GC invocations=23 (full 3):
 PSYoungGen      total 239616K, used 35049K [0x00000000e0000000, 0x00000000f3180000, 0x0000000100000000)
  eden space 204288K, 0% used [0x00000000e0000000,0x00000000e0000000,0x00000000ec780000)
  from space 35328K, 99% used [0x00000000f0f00000,0x00000000f313a668,0x00000000f3180000)
  to   space 47616K, 0% used [0x00000000ed480000,0x00000000ed480000,0x00000000f0300000)
 ParOldGen       total 163328K, used 52097K [0x00000000a0000000, 0x00000000a9f80000, 0x00000000e0000000)
  object space 163328K, 31% used [0x00000000a0000000,0x00000000a32e0480,0x00000000a9f80000)
 Metaspace       used 86603K, capacity 91288K, committed 91520K, reserved 1128448K
  class space    used 11199K, capacity 12361K, committed 12416K, reserved 1048576K
}

Deoptimization events (10 events):
Event: 3588.335 Thread 0x000000001f33a000 Uncommon trap: reason=class_check action=maybe_recompile pc=0x000000000503c170 method=java.util.zip.InflaterInputStream.fill()V @ 19
Event: 3588.335 Thread 0x000000001f33a000 Uncommon trap: reason=class_check action=maybe_recompile pc=0x000000000503c170 method=java.util.zip.InflaterInputStream.fill()V @ 19
Event: 3588.336 Thread 0x000000001f33a000 Uncommon trap: reason=bimorphic action=maybe_recompile pc=0x0000000006c186f8 method=com.google.common.io.ByteStreams.copy(Ljava/io/InputStream;Ljava/io/OutputStream;)J @ 20
Event: 3588.338 Thread 0x000000001f33a000 Uncommon trap: reason=bimorphic action=maybe_recompile pc=0x0000000006c186f8 method=com.google.common.io.ByteStreams.copy(Ljava/io/InputStream;Ljava/io/OutputStream;)J @ 20
Event: 3588.340 Thread 0x000000001f33a000 Uncommon trap: reason=bimorphic action=maybe_recompile pc=0x0000000006c186f8 method=com.google.common.io.ByteStreams.copy(Ljava/io/InputStream;Ljava/io/OutputStream;)J @ 20
Event: 3588.346 Thread 0x000000001f33a000 Uncommon trap: reason=unstable_if action=reinterpret pc=0x000000000717cef8 method=java.lang.Integer.toString(I)Ljava/lang/String; @ 10
Event: 3588.593 Thread 0x000000001f33a000 Uncommon trap: reason=predicate action=maybe_recompile pc=0x00000000071d4184 method=org.objectweb.asm.ClassReader.readMethod(Lorg/objectweb/asm/ClassVisitor;Lorg/objectweb/asm/Context;I)I @ 842
Event: 3588.852 Thread 0x000000001f33a000 Uncommon trap: reason=unstable_if action=reinterpret pc=0x0000000007180b2c method=java.util.HashMap.getNode(ILjava/lang/Object;)Ljava/util/HashMap$Node; @ 84
Event: 3588.852 Thread 0x000000001f33a000 Uncommon trap: reason=unstable_if action=reinterpret pc=0x0000000004e06914 method=java.util.HashMap.getNode(ILjava/lang/Object;)Ljava/util/HashMap$Node; @ 84
Event: 3588.852 Thread 0x000000001f33a000 Uncommon trap: reason=unstable_if action=reinterpret pc=0x0000000005349b24 method=java.util.HashMap.getNode(ILjava/lang/Object;)Ljava/util/HashMap$Node; @ 84

Classes redefined (0 events):
No events

Internal exceptions (10 events):
Event: 3572.019 Thread 0x00000000219ab000 Exception <a 'java/lang/NoSuchMethodError': <clinit>> (0x00000000e9a65f68) thrown at [D:\src\AOSP-openjdk-cygwin\jdk8u\hotspot\src\share\vm\prims\jni.cpp, line 1613]
Event: 3572.038 Thread 0x00000000219ab000 Exception <a 'java/lang/NoSuchMethodError': <clinit>> (0x00000000e9aae980) thrown at [D:\src\AOSP-openjdk-cygwin\jdk8u\hotspot\src\share\vm\prims\jni.cpp, line 1613]
Event: 3572.053 Thread 0x00000000219ab000 Exception <a 'java/lang/NoSuchMethodError': <clinit>> (0x00000000e9b254f0) thrown at [D:\src\AOSP-openjdk-cygwin\jdk8u\hotspot\src\share\vm\prims\jni.cpp, line 1613]
Event: 3572.054 Thread 0x00000000219ab000 Exception <a 'java/lang/NoSuchMethodError': <clinit>> (0x00000000e9b29148) thrown at [D:\src\AOSP-openjdk-cygwin\jdk8u\hotspot\src\share\vm\prims\jni.cpp, line 1613]
Event: 3572.054 Thread 0x00000000219ab000 Exception <a 'java/lang/NoSuchMethodError': <clinit>> (0x00000000e9b2ac50) thrown at [D:\src\AOSP-openjdk-cygwin\jdk8u\hotspot\src\share\vm\prims\jni.cpp, line 1613]
Event: 3572.288 Thread 0x00000000219ab000 Exception <a 'java/lang/ClassNotFoundException': sync_local_repo676_6ptdb4c8fwo4vq0crgd4i0eaBeanInfo> (0x00000000e9cd59d0) thrown at [D:\src\AOSP-openjdk-cygwin\jdk8u\hotspot\src\share\vm\classfile\systemDictionary.cpp, line 210]
Event: 3572.289 Thread 0x00000000219ab000 Exception <a 'java/lang/ClassNotFoundException': sync_local_repo676_6ptdb4c8fwo4vq0crgd4i0eaCustomizer> (0x00000000e9cdffb0) thrown at [D:\src\AOSP-openjdk-cygwin\jdk8u\hotspot\src\share\vm\classfile\systemDictionary.cpp, line 210]
Event: 3573.826 Thread 0x000000001f33a000 Implicit null exception at 0x00000000047e9608 to 0x00000000047e9a05
Event: 3573.827 Thread 0x000000001f33a000 Implicit null exception at 0x0000000006737a14 to 0x0000000006737e45
Event: 3579.530 Thread 0x000000001f33a000 Implicit null exception at 0x0000000004da1fcc to 0x0000000004da239d

Events (10 events):
Event: 3588.593 Thread 0x000000001f33a000 DEOPT UNPACKING pc=0x00000000045d556a sp=0x000000003370c548 mode 2
Event: 3588.852 Thread 0x000000001f33a000 Uncommon trap: trap_request=0xffffff65 fr.pc=0x0000000007180b2c
Event: 3588.852 Thread 0x000000001f33a000 DEOPT PACKING pc=0x0000000007180b2c sp=0x000000003370ca60
Event: 3588.852 Thread 0x000000001f33a000 DEOPT UNPACKING pc=0x00000000045d556a sp=0x000000003370c930 mode 2
Event: 3588.852 Thread 0x000000001f33a000 Uncommon trap: trap_request=0xffffff65 fr.pc=0x0000000004e06914
Event: 3588.852 Thread 0x000000001f33a000 DEOPT PACKING pc=0x0000000004e06914 sp=0x000000003370ca00
Event: 3588.852 Thread 0x000000001f33a000 DEOPT UNPACKING pc=0x00000000045d556a sp=0x000000003370c920 mode 2
Event: 3588.852 Thread 0x000000001f33a000 Uncommon trap: trap_request=0xffffff65 fr.pc=0x0000000005349b24
Event: 3588.852 Thread 0x000000001f33a000 DEOPT PACKING pc=0x0000000005349b24 sp=0x000000003370c990
Event: 3588.852 Thread 0x000000001f33a000 DEOPT UNPACKING pc=0x00000000045d556a sp=0x000000003370c920 mode 2


Dynamic libraries:
0x00007ff63c060000 - 0x00007ff63c091000 	C:\Program Files\Android\Android Studio\jre\bin\java.exe
0x00007ff986650000 - 0x00007ff986830000 	C:\WINDOWS\SYSTEM32\ntdll.dll
0x00007ff983b20000 - 0x00007ff983bce000 	C:\WINDOWS\System32\KERNEL32.DLL
0x00007ff982bd0000 - 0x00007ff982e36000 	C:\WINDOWS\System32\KERNELBASE.dll
0x00007ff980d90000 - 0x00007ff980e18000 	C:\WINDOWS\SYSTEM32\apphelp.dll
0x00007ff984a40000 - 0x00007ff984ae1000 	C:\WINDOWS\System32\ADVAPI32.dll
0x00007ff9843d0000 - 0x00007ff98446d000 	C:\WINDOWS\System32\msvcrt.dll
0x00007ff984c60000 - 0x00007ff984cbb000 	C:\WINDOWS\System32\sechost.dll
0x00007ff984470000 - 0x00007ff98458f000 	C:\WINDOWS\System32\RPCRT4.dll
0x00007ff984fa0000 - 0x00007ff98512f000 	C:\WINDOWS\System32\USER32.dll
0x00007ff982bb0000 - 0x00007ff982bd0000 	C:\WINDOWS\System32\win32u.dll
0x00007ff984080000 - 0x00007ff9840a8000 	C:\WINDOWS\System32\GDI32.dll
0x00007ff982e40000 - 0x00007ff982fd3000 	C:\WINDOWS\System32\gdi32full.dll
0x00007ff983a80000 - 0x00007ff983b1b000 	C:\WINDOWS\System32\msvcp_win.dll
0x00007ff982fe0000 - 0x00007ff9830d6000 	C:\WINDOWS\System32\ucrtbase.dll
0x00007ff9711d0000 - 0x00007ff971439000 	C:\WINDOWS\WinSxS\amd64_microsoft.windows.common-controls_6595b64144ccf1df_6.0.16299.192_none_15c8cdae9364c23b\COMCTL32.dll
0x00007ff984600000 - 0x00007ff984908000 	C:\WINDOWS\System32\combase.dll
0x00007ff983a00000 - 0x00007ff983a72000 	C:\WINDOWS\System32\bcryptPrimitives.dll
0x00007ff986570000 - 0x00007ff98659d000 	C:\WINDOWS\System32\IMM32.DLL
0x00000000675f0000 - 0x00000000676c2000 	C:\Program Files\Android\Android Studio\jre\jre\bin\msvcr100.dll
0x0000000065610000 - 0x0000000065e4e000 	C:\Program Files\Android\Android Studio\jre\jre\bin\server\jvm.dll
0x00007ff9843c0000 - 0x00007ff9843c8000 	C:\WINDOWS\System32\PSAPI.DLL
0x00007ff9792a0000 - 0x00007ff9792aa000 	C:\WINDOWS\SYSTEM32\VERSION.dll
0x00007ff977080000 - 0x00007ff977089000 	C:\WINDOWS\SYSTEM32\WSOCK32.dll
0x00007ff977cf0000 - 0x00007ff977d13000 	C:\WINDOWS\SYSTEM32\WINMM.dll
0x00007ff984590000 - 0x00007ff9845fc000 	C:\WINDOWS\System32\WS2_32.dll
0x00007ff977cc0000 - 0x00007ff977cea000 	C:\WINDOWS\SYSTEM32\WINMMBASE.dll
0x00007ff982b00000 - 0x00007ff982b4a000 	C:\WINDOWS\System32\cfgmgr32.dll
0x00007ff97df00000 - 0x00007ff97df0f000 	C:\Program Files\Android\Android Studio\jre\jre\bin\verify.dll
0x00007ff977600000 - 0x00007ff977629000 	C:\Program Files\Android\Android Studio\jre\jre\bin\java.dll
0x00007ff97ae60000 - 0x00007ff97ae76000 	C:\Program Files\Android\Android Studio\jre\jre\bin\zip.dll
0x00007ff985130000 - 0x00007ff986566000 	C:\WINDOWS\System32\SHELL32.dll
0x00007ff9840b0000 - 0x00007ff984156000 	C:\WINDOWS\System32\shcore.dll
0x00007ff9832b0000 - 0x00007ff9839f7000 	C:\WINDOWS\System32\windows.storage.dll
0x00007ff983bd0000 - 0x00007ff983c21000 	C:\WINDOWS\System32\shlwapi.dll
0x00007ff982a10000 - 0x00007ff982a21000 	C:\WINDOWS\System32\kernel.appcore.dll
0x00007ff9829a0000 - 0x00007ff9829ec000 	C:\WINDOWS\System32\powrprof.dll
0x00007ff9829f0000 - 0x00007ff982a0b000 	C:\WINDOWS\System32\profapi.dll
0x00007ff96fbc0000 - 0x00007ff96fbda000 	C:\Program Files\Android\Android Studio\jre\jre\bin\net.dll
0x00007ff982230000 - 0x00007ff982296000 	C:\WINDOWS\system32\mswsock.dll
0x00007ff96ef50000 - 0x00007ff96ef61000 	C:\Program Files\Android\Android Studio\jre\jre\bin\nio.dll
0x00007ff96ab60000 - 0x00007ff96ab7e000 	C:\Users\SMT\.gradle\native\25\windows-amd64\native-platform.dll
0x00007ff9766a0000 - 0x00007ff9766ad000 	C:\Program Files\Android\Android Studio\jre\jre\bin\management.dll
0x00007ff9823f0000 - 0x00007ff982407000 	C:\WINDOWS\SYSTEM32\CRYPTSP.dll
0x00007ff981e40000 - 0x00007ff981e73000 	C:\WINDOWS\system32\rsaenh.dll
0x00007ff982500000 - 0x00007ff982525000 	C:\WINDOWS\SYSTEM32\bcrypt.dll
0x00007ff9828d0000 - 0x00007ff9828f9000 	C:\WINDOWS\SYSTEM32\USERENV.dll
0x00007ff982410000 - 0x00007ff98241b000 	C:\WINDOWS\SYSTEM32\CRYPTBASE.dll
0x00007ff981fc0000 - 0x00007ff981ff9000 	C:\WINDOWS\SYSTEM32\IPHLPAPI.DLL
0x00007ff984d90000 - 0x00007ff984d98000 	C:\WINDOWS\System32\NSI.dll
0x00007ff97d9a0000 - 0x00007ff97d9b6000 	C:\WINDOWS\SYSTEM32\dhcpcsvc6.DLL
0x00007ff97db90000 - 0x00007ff97dbaa000 	C:\WINDOWS\SYSTEM32\dhcpcsvc.DLL
0x00007ff968d30000 - 0x00007ff968d54000 	C:\Program Files\Android\Android Studio\jre\jre\bin\sunec.dll
0x00007ff982000000 - 0x00007ff9820b6000 	C:\WINDOWS\SYSTEM32\DNSAPI.dll
0x0000000067980000 - 0x00000000679a6000 	C:\Program Files\Bonjour\mdnsNSP.dll
0x00007ff97b110000 - 0x00007ff97b11a000 	C:\Windows\System32\rasadhlp.dll
0x00007ff97b130000 - 0x00007ff97b1a0000 	C:\WINDOWS\System32\fwpuclnt.dll
0x00007ff973160000 - 0x00007ff97316b000 	C:\Program Files\Android\Android Studio\jre\jre\bin\sunmscapi.dll
0x00007ff9830e0000 - 0x00007ff9832ae000 	C:\WINDOWS\System32\CRYPT32.dll
0x00007ff982a30000 - 0x00007ff982a42000 	C:\WINDOWS\System32\MSASN1.dll
0x00007ff9633d0000 - 0x00007ff963565000 	C:\Program Files\Android\Android Studio\jre\jre\bin\awt.dll
0x00007ff984cc0000 - 0x00007ff984d85000 	C:\WINDOWS\System32\OLEAUT32.dll
0x00007ff9801b0000 - 0x00007ff980768000 	C:\WINDOWS\SYSTEM32\d2d1.dll
0x00007ff981380000 - 0x00007ff9813aa000 	C:\WINDOWS\system32\DWMAPI.DLL
0x00007ff9810a0000 - 0x00007ff981135000 	C:\WINDOWS\system32\uxtheme.dll
0x00007ff981ae0000 - 0x00007ff981b11000 	C:\WINDOWS\SYSTEM32\ntmarta.dll

VM Arguments:
jvm_args: -Xmx1536m -Dfile.encoding=windows-1252 -Duser.country=AU -Duser.language=en -Duser.variant 
java_command: org.gradle.launcher.daemon.bootstrap.GradleDaemon 4.1
java_class_path (initial): C:\Users\SMT\.gradle\wrapper\dists\gradle-4.1-all\bzyivzo6n839fup2jbap0tjew\gradle-4.1\lib\gradle-launcher-4.1.jar
Launcher Type: SUN_STANDARD

Environment Variables:
PATH=C:\Program Files (x86)\Intel\iCLS Client\;C:\Program Files\Intel\iCLS Client\;C:\ProgramData\Oracle\Java\javapath;C:\Windows\system32;C:\Windows;C:\Windows\System32\Wbem;C:\Windows\System32\WindowsPowerShell\v1.0\;C:\Program Files (x86)\NVIDIA Corporation\PhysX\Common;C:\Program Files (x86)\Skype\Phone\;C:\Program Files\Microsoft SQL Server\130\Tools\Binn\;C:\Program Files\Git\cmd;C:\Program Files (x86)\Intel\Intel(R) Management Engine Components\DAL;C:\Program Files\Intel\Intel(R) Management Engine Components\DAL;C:\Program Files (x86)\Intel\Intel(R) Management Engine Components\IPT;C:\Program Files\Intel\Intel(R) Management Engine Components\IPT;C:\Program Files\PuTTY\;C:\WINDOWS\system32;C:\WINDOWS;C:\WINDOWS\System32\Wbem;C:\WINDOWS\System32\WindowsPowerShell\v1.0\;C:\Program Files\Microsoft SQL Server\110\Tools\Binn\;C:\Users\SMT\AppData\Local\Microsoft\WindowsApps
USERNAME=SMT
OS=Windows_NT
PROCESSOR_IDENTIFIER=Intel64 Family 6 Model 158 Stepping 9, GenuineIntel



---------------  S Y S T E M  ---------------

OS: Windows 10.0 , 64 bit Build 16299 (10.0.16299.15)

CPU:total 8 (initial active 8) (4 cores per cpu, 2 threads per core) family 6 model 158 stepping 9, cmov, cx8, fxsr, mmx, sse, sse2, sse3, ssse3, sse4.1, sse4.2, popcnt, avx, avx2, aes, clmul, erms, 3dnowpref, lzcnt, ht, tsc, tscinvbit, bmi1, bmi2, adx

Memory: 4k page, physical 8304248k(1829260k free), swap 10352248k(3300k free)

vm_info: OpenJDK 64-Bit Server VM (25.152-b01) for windows-amd64 JRE (1.8.0_152-release-915-b01), built by "builder" with MS VC++ 10.0 (VS2010)

time: Sat Feb 03 20:07:53 2018
elapsed time: 3589 seconds (0d 0h 59m 49s)

